2025-04-04 09:14:51.726668 - Received CBT.V508.FILE407.PDS from FILE407.XMI 
2025-04-04 09:14:51.727920 - Found $$$#DATE.txt (text/plain) in CBT.V508.FILE407.PDS, moved to PDS/$$$#DATE
2025-04-04 09:14:51.728074 - Found $$XADOC.txt (text/plain) in CBT.V508.FILE407.PDS, moved to PDS/$$XADOC
2025-04-04 09:14:51.728216 - Found $ASMLINK.jcl (text/plain) in CBT.V508.FILE407.PDS, moved to PDS/$ASMLINK
2025-04-04 09:14:51.728352 - Found $ASMLINX.jcl (text/plain) in CBT.V508.FILE407.PDS, moved to PDS/$ASMLINX
2025-04-04 09:14:51.728477 - Found $NEWCODE.txt (text/plain) in CBT.V508.FILE407.PDS, moved to PDS/$NEWCODE
2025-04-04 09:14:51.728608 - Found $NEWDOC.txt (text/plain) in CBT.V508.FILE407.PDS, moved to PDS/$NEWDOC
2025-04-04 09:14:51.728765 - Found $RECOGN.txt (text/plain) in CBT.V508.FILE407.PDS, moved to PDS/$RECOGN
2025-04-04 09:14:51.728884 - Found @FILE407.txt (text/plain) in CBT.V508.FILE407.PDS, moved to PDS/@FILE407
2025-04-04 09:14:51.729014 - Found ASMJCL.txt (text/plain) in CBT.V508.FILE407.PDS, moved to PDS/ASMJCL
2025-04-04 09:14:51.729137 - Found BLDLTEST.txt (text/plain) in CBT.V508.FILE407.PDS, moved to PDS/BLDLTEST
2025-04-04 09:14:51.729255 - Found BT.txt (text/plain) in CBT.V508.FILE407.PDS, moved to PDS/BT
2025-04-04 09:14:51.729376 - Found CBTJCL.jcl (text/plain) in CBT.V508.FILE407.PDS, moved to PDS/CBTJCL
2025-04-04 09:14:51.729497 - Found DBREPORT.txt (text/plain) in CBT.V508.FILE407.PDS, moved to PDS/DBREPORT
2025-04-04 09:14:51.729621 - Found DBSTART.txt (text/plain) in CBT.V508.FILE407.PDS, moved to PDS/DBSTART
2025-04-04 09:14:51.729757 - Found DBSTOP.txt (text/plain) in CBT.V508.FILE407.PDS, moved to PDS/DBSTOP
2025-04-04 09:14:51.729878 - Found DBYOYO.txt (text/plain) in CBT.V508.FILE407.PDS, moved to PDS/DBYOYO
2025-04-04 09:14:51.730324 - Found DYNABLDL.txt (text/plain) in CBT.V508.FILE407.PDS, moved to PDS/DYNABLDL
2025-04-04 09:14:51.730546 - Found DYNABLDX.txt (text/plain) in CBT.V508.FILE407.PDS, moved to PDS/DYNABLDX
2025-04-04 09:14:51.730681 - Found EXPORT.txt (text/plain) in CBT.V508.FILE407.PDS, moved to PDS/EXPORT
2025-04-04 09:14:51.730803 - Found INSTALL.txt (text/plain) in CBT.V508.FILE407.PDS, moved to PDS/INSTALL
2025-04-04 09:14:51.730933 - Found PROC.txt (text/plain) in CBT.V508.FILE407.PDS, moved to PDS/PROC
2025-04-04 09:14:51.731047 - Found SAMPLE.txt (text/plain) in CBT.V508.FILE407.PDS, moved to PDS/SAMPLE
2025-04-04 09:14:51.731185 - Found SYNCNOTE.txt (text/plain) in CBT.V508.FILE407.PDS, moved to PDS/SYNCNOTE
2025-04-04 09:14:51.731308 - Found USERGIDE.txt (text/plain) in CBT.V508.FILE407.PDS, moved to PDS/USERGIDE
